ASxxxx Linker V05.50                                                                Page 1
Hexadecimal [16-Bits]                                 Fri May  2 16:45:27 2025

Area                       Addr        Size        Decimal Bytes (Attributes)
--------------------       ----        ----        ------- ----- ------------
.  .ABS.                   0000        0000 =           0. bytes (ABS,OVR,CSEG)

         Value  Global                             Global Defined In Module
         -----  --------------------------------   ------------------------
          0000  .__.ABS.                           vec_rum_05_02_03_Print_Str_d

ASxxxx Linker V05.50                                                                Page 2
Hexadecimal [16-Bits]                                 Fri May  2 16:45:27 2025
[ Bank == rom ]

Area                       Addr        Size        Decimal Bytes (Attributes)
--------------------       ----        ----        ------- ----- ------------
.cartridge                 0000        0022 =          34. bytes (REL,CON,CSEG)

         Value  Global                             Global Defined In Module
         -----  --------------------------------   ------------------------
          0000  game_header:
          0021  end_of_cartridge_header:

ASxxxx Linker V05.50                                                                Page 3
Hexadecimal [16-Bits]                                 Fri May  2 16:45:27 2025
[ Bank == rom ]

Area                       Addr        Size        Decimal Bytes (Attributes)
--------------------       ----        ----        ------- ----- ------------
.boot                      0022        003F =          63. bytes (REL,CON,CSEG)

         Value  Global                             Global Defined In Module
         -----  --------------------------------   ------------------------
          0022  boot:

ASxxxx Linker V05.50                                                                Page 4
Hexadecimal [16-Bits]                                 Fri May  2 16:45:27 2025
[ Bank == rom ]

Area                       Addr        Size        Decimal Bytes (Attributes)
--------------------       ----        ----        ------- ----- ------------
.text                      0061        050D =        1293. bytes (REL,CON,CSEG)

         Value  Global                             Global Defined In Module
         -----  --------------------------------   ------------------------
          0061  vl_misc_roadline_left:
          0095  vl_misc_roadline_right:
          00C9  vl_player_mid:
          014E  vl_player_right:
          0152  change_lane:
          0182  calculate_animation:
          01A9  draw_road:
          02B6  draw_debug_car:
          02D6  lookup_player_lane_x_pos:
          02D9  game_loop:
          038A  main:
          038D  vectors_man:
          03B4  vectors_balloon:
          03DC  vectors_player:
          0461  vectors_horizon:
          0465  vectors_road_inner_line_l:
          0499  vectors_road_inner_line_r:
          04CD  vectors_debug_car:
          04DD  temp_draw:
          04DD  vectors_obstacle_truck_s:
          04FD  print_unsigned_int:
          0559  _Draw_Line_d:_rum_05_03_01_04_Draw_Lin
          055E  _Moveto_d:
          0563  _Print_Str_d:_rum_05_02_03_Print_Str_d
ASxxxx Linker V05.50                                                                Page 5
Hexadecimal [16-Bits]                                 Fri May  2 16:45:27 2025
[ Bank == ram ]

Area                       Addr        Size        Decimal Bytes (Attributes)
--------------------       ----        ----        ------- ----- ------------
.data                      C880        0004 =           4. bytes (REL,CON,CSEG)

         Value  Global                             Global Defined In Module
         -----  --------------------------------   ------------------------
          C880  player_lane:
          C881  temp_steps:
          C882  temp_speed:
          C883  temp_time:
ASxxxx Linker V05.50                                                                Page 6
Hexadecimal [16-Bits]                                 Fri May  2 16:45:27 2025
[ Bank == page_c8 ]

Area                       Addr        Size        Decimal Bytes (Attributes)
--------------------       ----        ----        ------- ----- ------------
.dpc8                      C800        0080 =         128. bytes (ABS,OVR,CSEG)

         Value  Global                             Global Defined In Module
         -----  --------------------------------   ------------------------
          C800  Vec_Snd_Shadow:
          C800  Vec_Snd_shadow:
          C80F  Vec_Btn_State:
          C810  Vec_Prev_Btns:
          C811  Vec_Buttons:
          C812  Vec_Button_1_1:
          C813  Vec_Button_1_2:
          C814  Vec_Button_1_3:
          C815  Vec_Button_1_4:
          C816  Vec_Button_2_1:
          C817  Vec_Button_2_2:
          C818  Vec_Button_2_3:
          C819  Vec_Button_2_4:
          C81A  Vec_Joy_Resltn:
          C81B  Vec_Joy_1_X:
          C81C  Vec_Joy_1_Y:
          C81D  Vec_Joy_2_X:
          C81E  Vec_Joy_2_Y:
          C81F  Vec_Joy_mux:
          C81F  Vec_Joy_Mux_1_X:
          C81F  Vec_Joy_Mux:
          C820  Vec_Joy_Mux_1_Y:
          C821  Vec_Joy_Mux_2_X:
          C822  Vec_Joy_Mux_2_Y:
          C823  Vec_Misc_Count:
          C824  Vec_0Ref_Enable:
          C825  Vec_Loop_Count:
          C825  Vec_Loop_Count_hi:
          C826  Vec_Loop_Count_lo:
          C827  Vec_Brightness:
          C828  Vec_Dot_Dwell:
          C829  Vec_Pattern:
          C82A  Vec_Text_HW:
          C82A  Vec_Text_Height:
          C82B  Vec_Text_Width:
          C82C  Vec_Str_Ptr:
          C82E  Vec_counters:
          C82E  Vec_Counter_1:
          C82E  Vec_Counters:
          C82F  Vec_Counter_2:
          C830  Vec_Counter_3:
          C831  Vec_Counter_4:
          C832  Vec_Counter_5:
          C833  Vec_Counter_6:
          C834  Vec_RiseRun_Tmp:
          C836  Vec_Angle:
          C837  Vec_Run_Index:
ASxxxx Linker V05.50                                                                Page 7
Hexadecimal [16-Bits]                                 Fri May  2 16:45:27 2025
[ Bank == page_c8 ]

Area                       Addr        Size        Decimal Bytes (Attributes)
--------------------       ----        ----        ------- ----- ------------
.dpc8                      C800        0080 =         128. bytes (ABS,OVR,CSEG)

         Value  Global                             Global Defined In Module
         -----  --------------------------------   ------------------------
          C839  Vec_Rise_Index:
          C839  Vec_XXX_00:
          C83B  Vec_RiseRun_Len:
          C83B  Vec_XXX_01:
          C83C  Vec_XXX_02:
          C83D  Vec_Rfrsh:
          C83D  Vec_Rfrsh_lo:
          C83E  Vec_Rfrsh_hi:
          C83F  Vec_Music_Work:
          C842  Vec_Music_Wk_A:
          C843  Vec_XXX_03:
          C844  Vec_XXX_04:
          C845  Vec_Music_Wk_7:
          C846  Vec_Music_Wk_6:
          C847  Vec_Music_Wk_5:
          C848  Vec_XXX_05:
          C849  Vec_XXX_06:
          C84A  Vec_XXX_07:
          C84B  Vec_Music_Wk_1:
          C84C  Vec_XXX_08:
          C84D  Vec_Freq_Table:
          C84F  Vec_ADSR_Table:
          C84F  Vec_Max_Players:
          C850  Vec_Max_Games:
          C851  Vec_Twang_Table:
          C853  Vec_Music_Ptr:
          C853  Vec_Expl_ChanA:
          C854  Vec_Expl_Chans:
          C855  Vec_Music_Chan:
          C856  Vec_Music_Flag:
          C857  Vec_Duration:
          C858  Vec_Expl_1:
          C858  Vec_Music_Twang:
          C859  Vec_Expl_2:
          C85A  Vec_Expl_3:
          C85B  Vec_Expl_4:
          C85C  Vec_Expl_Chan:
          C85D  Vec_Expl_ChanB:
          C85E  Vec_ADSR_timers:
          C85E  Vec_ADSR_Timers:
          C85E  Vec_XXX_09:
          C861  Vec_Music_freq:
          C861  Vec_Music_Freq:
          C867  Vec_Expl_Flag:
          C868  Vec_XXX_10:
          C869  Vec_XXX_11:
          C86A  Vec_XXX_12:
          C86B  Vec_XXX_13:
ASxxxx Linker V05.50                                                                Page 8
Hexadecimal [16-Bits]                                 Fri May  2 16:45:27 2025
[ Bank == page_c8 ]

Area                       Addr        Size        Decimal Bytes (Attributes)
--------------------       ----        ----        ------- ----- ------------
.dpc8                      C800        0080 =         128. bytes (ABS,OVR,CSEG)

         Value  Global                             Global Defined In Module
         -----  --------------------------------   ------------------------
          C86C  Vec_XXX_14:
          C86D  Vec_XXX_15:
          C86E  Vec_XXX_16:
          C86F  Vec_XXX_17:
          C870  Vec_XXX_18:
          C871  Vec_XXX_19:
          C872  Vec_XXX_20:
          C873  Vec_XXX_21:
          C874  Vec_XXX_22:
          C875  Vec_XXX_23:
          C876  Vec_XXX_24:
          C877  Vec_Expl_Timer:
          C878  Vec_XXX_25:
          C879  Vec_Num_Players:
          C87A  Vec_Num_Game:
          C87B  Vec_Seed_Ptr:
          C87D  Vec_Random_Seed0:
          C87D  Vec_Random_Seed:
          C87E  Vec_Random_Seed1:
          C87F  Vec_Random_Seed2:

ASxxxx Linker V05.50                                                                Page 9
Hexadecimal [16-Bits]                                 Fri May  2 16:45:27 2025
[ Bank == page_cb ]

Area                       Addr        Size        Decimal Bytes (Attributes)
--------------------       ----        ----        ------- ----- ------------
.dpcb                      CBEA        0016 =          22. bytes (ABS,OVR,CSEG)

         Value  Global                             Global Defined In Module
         -----  --------------------------------   ------------------------
          CBEA  Vec_Default_Stk:
          CBEB  Vec_High_Score:
          CBEB  Vec_High_score:
          CBF2  Vec_SWI3_Vector:
          CBF2  Vec_SWI3_vector:
          CBF2  Vec_SWI2_Vector:
          CBF2  Vec_SWI2_vector:
          CBF5  Vec_FIRQ_Vector:
          CBF5  Vec_FIRQ_vector:
          CBF8  Vec_IRQ_Vector:
          CBF8  Vec_IRQ_vector:
          CBFB  Vec_SWI_Vector:
          CBFB  Vec_SWI_vector:
          CBFB  Vec_NWI_Vector:
          CBFB  Vec_NWI_vector:
          CBFE  Vec_Cold_Flag:
ASxxxx Linker V05.50                                                                 Page 10
Hexadecimal [16-Bits]                                 Fri May  2 16:45:27 2025
[ Bank == page_d0 ]

Area                       Addr        Size        Decimal Bytes (Attributes)
--------------------       ----        ----        ------- ----- ------------
.dpd0                      D000        0010 =          16. bytes (ABS,OVR,CSEG)

         Value  Global                             Global Defined In Module
         -----  --------------------------------   ------------------------
          D000  VIA_port_b:
          D000  VIA_port_ba:
          D001  VIA_port_a:
          D002  VIA_DDR_b:
          D002  VIA_DDR_ba:
          D003  VIA_DDR_a:
          D004  VIA_t1_cnt_lo:
          D004  VIA_t1_cnt:
          D005  VIA_t1_cnt_hi:
          D006  VIA_t1_lch_lo:
          D006  VIA_t1_lch:
          D007  VIA_t1_lch_hi:
          D008  VIA_t2_lo:
          D008  VIA_t2:
          D009  VIA_t2_hi:
          D00A  VIA_shift_reg:
          D00A  dummy:
          D00B  VIA_aux_cntl:
          D00B  VIA_aux_cntl_w:
          D00C  VIA_cntl:
          D00D  VIA_int_flags:
          D00E  VIA_int_enable:
          D00F  VIA_port_a_nohs:

ASxxxx Linker V05.50                                                                 Page 11
Hexadecimal [16-Bits]                                 Fri May  2 16:45:27 2025
[ Bank == page_00 ]

Area                       Addr        Size        Decimal Bytes (Attributes)
--------------------       ----        ----        ------- ----- ------------
.direct                    0000        0100 =         256. bytes (ABS,OVR,CSEG)

         Value  Global                             Global Defined In Module
         -----  --------------------------------   ------------------------















































ASxxxx Linker V05.50                                                                 Page 12
Hexadecimal [16-Bits]                                 Fri May  2 16:45:27 2025
[ Bank == page_00 ]

Area                       Addr        Size        Decimal Bytes (Attributes)
--------------------       ----        ----        ------- ----- ------------
.direct                    0000        0100 =         256. bytes (ABS,OVR,CSEG)

         Value  Global                             Global Defined In Module
         -----  --------------------------------   ------------------------
















































ASxxxx Linker V05.50                                                                 Page 13
Hexadecimal [16-Bits]                                 Fri May  2 16:45:27 2025
[ Bank == page_00 ]

Area                       Addr        Size        Decimal Bytes (Attributes)
--------------------       ----        ----        ------- ----- ------------
.direct                    0000        0100 =         256. bytes (ABS,OVR,CSEG)

         Value  Global                             Global Defined In Module
         -----  --------------------------------   ------------------------
















































ASxxxx Linker V05.50                                                                 Page 14
Hexadecimal [16-Bits]                                 Fri May  2 16:45:27 2025
[ Bank == page_00 ]

Area                       Addr        Size        Decimal Bytes (Attributes)
--------------------       ----        ----        ------- ----- ------------
.direct                    0000        0100 =         256. bytes (ABS,OVR,CSEG)

         Value  Global                             Global Defined In Module
         -----  --------------------------------   ------------------------








































ASxxxx Linker V05.50                                                                 Page 15
Hexadecimal [16-Bits]                                 Fri May  2 16:45:27 2025
[ Bank == page_ed ]

Area                       Addr        Size        Decimal Bytes (Attributes)
--------------------       ----        ----        ------- ----- ------------
.dped                      ED77        0019 =          25. bytes (ABS,OVR,CSEG)

         Value  Global                             Global Defined In Module
         -----  --------------------------------   ------------------------
          ED77  Vec_Music_0:
          ED8F  Vec_ADSR_FADE66:

ASxxxx Linker V05.50                                                                 Page 16
Hexadecimal [16-Bits]                                 Fri May  2 16:45:27 2025
[ Bank == page_fc ]

Area                       Addr        Size        Decimal Bytes (Attributes)
--------------------       ----        ----        ------- ----- ------------
.dpfc                      FC6D        0021 =          33. bytes (ABS,OVR,CSEG)

         Value  Global                             Global Defined In Module
         -----  --------------------------------   ------------------------
          FC6D  Vec_Sine_Table:
          FC7D  Vec_Cosine_Table:
          FC8D  Vec_Note_Table:

ASxxxx Linker V05.50                                                                 Page 17
Hexadecimal [16-Bits]                                 Fri May  2 16:45:27 2025
[ Bank == page_fd ]

Area                       Addr        Size        Decimal Bytes (Attributes)
--------------------       ----        ----        ------- ----- ------------
.dpfd                      FD0D        00C7 =         199. bytes (ABS,OVR,CSEG)

         Value  Global                             Global Defined In Module
         -----  --------------------------------   ------------------------
          FD0D  Vec_Music_1:
          FD1D  Vec_Music_2:
          FD69  Vec_ADSR_FADE0:
          FD79  Vec_TWANG_VIBE0:
          FD81  Vec_Music_3:
          FDC3  Vec_ADSR_FADE12:
          FDD3  Vec_Music_4:

ASxxxx Linker V05.50                                                                 Page 18
Hexadecimal [16-Bits]                                 Fri May  2 16:45:27 2025
[ Bank == page_fe ]

Area                       Addr        Size        Decimal Bytes (Attributes)
--------------------       ----        ----        ------- ----- ------------
.dpfe                      FE28        00D1 =         209. bytes (ABS,OVR,CSEG)

         Value  Global                             Global Defined In Module
         -----  --------------------------------   ------------------------
          FE28  Vec_ADSR_FADE1:
          FE38  Vec_Music_5:
          FE66  Vec_ADSR_FADE2:
          FE76  Vec_Music_6:
          FEB2  Vec_ADSR_FADE3:
          FEB6  Vec_TWANG_VIBEHL:
          FEB6  Vec_TWANG_VIBENL:
          FEC6  Vec_Music_7:
          FEE8  Vec_ADSR_FADE4:
          FEF8  Vec_Music_8:

ASxxxx Linker V05.50                                                                 Page 19
Hexadecimal [16-Bits]                                 Fri May  2 16:45:27 2025
[ Bank == page_ff ]

Area                       Addr        Size        Decimal Bytes (Attributes)
--------------------       ----        ----        ------- ----- ------------
.dpff                      FF16        007A =         122. bytes (ABS,OVR,CSEG)

         Value  Global                             Global Defined In Module
         -----  --------------------------------   ------------------------
          FF16  Vec_ADSR_FADE8:
          FF26  Vec_Music_9:
          FF44  Vec_Music_a:
          FF62  Vec_Music_b:
          FF7A  Vec_Music_c:
          FF8F  Vec_Music_d:

ASxxxx Linker V05.50                                                                 Page 20
Hexadecimal [16-Bits]                                 Fri May  2 16:45:27 2025
[ Bank == page_e7 ]

Area                       Addr        Size        Decimal Bytes (Attributes)
--------------------       ----        ----        ------- ----- ------------
.0xe7                      E7B5        001E =          30. bytes (ABS,OVR,CSEG)

         Value  Global                             Global Defined In Module
         -----  --------------------------------   ------------------------
          E7B5  __Displ8_xy:
          E7D2  __Displ16_xy:

ASxxxx Linker V05.50                                                                 Page 21
Hexadecimal [16-Bits]                                 Fri May  2 16:45:27 2025
[ Bank == page_e9 ]

Area                       Addr        Size        Decimal Bytes (Attributes)
--------------------       ----        ----        ------- ----- ------------
.0xe9                      E98A        0002 =           2. bytes (ABS,OVR,CSEG)

         Value  Global                             Global Defined In Module
         -----  --------------------------------   ------------------------
          E98A  __Ranpos:

ASxxxx Linker V05.50                                                                 Page 22
Hexadecimal [16-Bits]                                 Fri May  2 16:45:27 2025
[ Bank == page_ea ]

Area                       Addr        Size        Decimal Bytes (Attributes)
--------------------       ----        ----        ------- ----- ------------
.0xea                      EA3E        00B3 =         179. bytes (ABS,OVR,CSEG)

         Value  Global                             Global Defined In Module
         -----  --------------------------------   ------------------------
          EA3E  __Rnd_Cone:
          EA5D  __Dot_y:
          EA6D  __Dot_py:
          EA7F  __Draw_Pack:
          EA8D  __Draw_Pack_py:
          EAA8  __Print_Msg:
          EAB4  __Draw_Score:
          EACF  __Draw_Scores:
          EAF0  __Wait_Bound:

ASxxxx Linker V05.50                                                                 Page 23
Hexadecimal [16-Bits]                                 Fri May  2 16:45:27 2025
[ Bank == page_f0 ]

Area                       Addr        Size        Decimal Bytes (Attributes)
--------------------       ----        ----        ------- ----- ------------
.0xf0                      F000        0001 =           1. bytes (ABS,OVR,CSEG)

         Value  Global                             Global Defined In Module
         -----  --------------------------------   ------------------------
          F000  __Reset:

ASxxxx Linker V05.50                                                                 Page 24
Hexadecimal [16-Bits]                                 Fri May  2 16:45:27 2025
[ Bank == page_f1 ]

Area                       Addr        Size        Decimal Bytes (Attributes)
--------------------       ----        ----        ------- ----- ------------
.0xf1                      F14C        00AD =         173. bytes (ABS,OVR,CSEG)

         Value  Global                             Global Defined In Module
         -----  --------------------------------   ------------------------
          F14C  __Init_VIA:
          F164  __Init_OS_RAM:
          F18B  __Init_OS:
          F192  __Wait_Recal:
          F1AA  __DP_to_D0:
          F1AF  __DP_to_C8:
          F1B4  __Read_Btns_Mask:
          F1BA  __Read_Btns:
          F1F5  __Joy_Analog:
          F1F8  __Joy_Digital:

ASxxxx Linker V05.50                                                                 Page 25
Hexadecimal [16-Bits]                                 Fri May  2 16:45:27 2025
[ Bank == page_f2 ]

Area                       Addr        Size        Decimal Bytes (Attributes)
--------------------       ----        ----        ------- ----- ------------
.0xf2                      F256        00A7 =         167. bytes (ABS,OVR,CSEG)

         Value  Global                             Global Defined In Module
         -----  --------------------------------   ------------------------
          F256  __Sound_Byte:
          F259  __Sound_Byte_x:
          F272  __Clear_Sound:
          F27D  __Sound_Bytes:
          F284  __Sound_Bytes_x:
          F289  __Do_Sound:
          F28C  __Do_Sound_x:
          F29D  __Intensity_1F:
          F2A1  __Intensity_3F:
          F2A5  __Intensity_5F:
          F2A9  __Intensity_7F:
          F2AB  __Intensity_a:
          F2BE  __Dot_ix_b:
          F2C1  __Dot_ix:
          F2C3  __Dot_d:
          F2C5  __Dot_here:
          F2D5  __Dot_List:
          F2DE  __Dot_List_Reset:
          F2E6  __Recalibrate:
          F2F2  __Moveto_x_7F:
          F2FC  __Moveto_d_7F:

ASxxxx Linker V05.50                                                                 Page 26
Hexadecimal [16-Bits]                                 Fri May  2 16:45:27 2025
[ Bank == page_f3 ]

Area                       Addr        Size        Decimal Bytes (Attributes)
--------------------       ----        ----        ------- ----- ------------
.0xf3                      F308        00D8 =         216. bytes (ABS,OVR,CSEG)

         Value  Global                             Global Defined In Module
         -----  --------------------------------   ------------------------
          F308  __Moveto_ix_FF:
          F30C  __Moveto_ix_7F:
          F30E  __Moveto_ix_b:
          F310  __Moveto_ix:
          F312  __Moveto_d:
          F34A  __Reset0Ref_D0:
          F34F  __Check0Ref:
          F354  __Reset0Ref:
          F35B  __Reset_Pen:
          F36B  __Reset0Int:
          F373  __Print_Str_hwyx:
          F378  __Print_Str_yx:
          F37A  __Print_Str_d:
          F385  __Print_List_hw:
          F38A  __Print_List:
          F38C  __Print_List_chk:
          F391  __Print_Ships_x:
          F393  __Print_Ships:
          F3AD  __Mov_Draw_VLc_a:
          F3B1  __Mov_Draw_VL_b:
          F3B5  __Mov_Draw_VLcs:
          F3B7  __Mov_Draw_VL_ab:
          F3B9  __Mov_Draw_VL_a:
          F3BC  __Mov_Draw_VL:
          F3BE  __Mov_Draw_VL_d:
          F3CE  __Draw_VLc:
          F3D2  __Draw_VL_b:
          F3D6  __Draw_VLcs:
          F3D8  __Draw_VL_ab:
          F3DA  __Draw_VL_a:
          F3DD  __Draw_VL:
          F3DF  __Draw_Line_d:
ASxxxx Linker V05.50                                                                 Page 27
Hexadecimal [16-Bits]                                 Fri May  2 16:45:27 2025
[ Bank == page_f4 ]

Area                       Addr        Size        Decimal Bytes (Attributes)
--------------------       ----        ----        ------- ----- ------------
.0xf4                      F404        0095 =         149. bytes (ABS,OVR,CSEG)

         Value  Global                             Global Defined In Module
         -----  --------------------------------   ------------------------
          F404  __Draw_VLp_FF:
          F408  __Draw_VLp_7F:
          F40C  __Draw_VLp_scale:
          F40E  __Draw_VLp_b:
          F410  __Draw_VLp:
          F433  __Draw_Pat_VL_aa:
          F434  __Draw_Pat_VL_a:
          F437  __Draw_Pat_VL:
          F439  __Draw_Pat_VL_d:
          F46E  __Draw_VL_mode:
          F495  __Print_Str:
          F498  __Print_MRast:
ASxxxx Linker V05.50                                                                 Page 28
Hexadecimal [16-Bits]                                 Fri May  2 16:45:27 2025
[ Bank == page_f5 ]

Area                       Addr        Size        Decimal Bytes (Attributes)
--------------------       ----        ----        ------- ----- ------------
.0xf5                      F511        00EF =         239. bytes (ABS,OVR,CSEG)

         Value  Global                             Global Defined In Module
         -----  --------------------------------   ------------------------
          F511  __Random_3:
          F517  __Random:
          F533  __Init_Music_Buf:
          F53F  __Clear_x_b:
          F542  __Clear_C8_RAM:
          F545  __Clear_x_256:
          F548  __Clear_x_d:
          F550  __Clear_x_b_80:
          F552  __Clear_x_b_a:
          F55A  __Dec_3_Counters:
          F55E  __Dec_6_Counters:
          F563  __Dec_Counters:
          F56D  __Delay_3:
          F571  __Delay_2:
          F575  __Delay_1:
          F579  __Delay_0:
          F57A  __Delay_b:
          F57D  __Delay_RTS:
          F57E  __Bitmask_a:
          F584  __Abs_a_b:
          F58B  __Abs_b:
          F593  __Rise_Run_Angle:
          F5D9  __Get_Rise_Idx:
          F5DB  __Xform_Sin:
          F5EF  __Get_Rise_Run:
          F5FF  __Rise_Run_X:

ASxxxx Linker V05.50                                                                 Page 29
Hexadecimal [16-Bits]                                 Fri May  2 16:45:27 2025
[ Bank == page_f6 ]

Area                       Addr        Size        Decimal Bytes (Attributes)
--------------------       ----        ----        ------- ----- ------------
.0xf6                      F601        0092 =         146. bytes (ABS,OVR,CSEG)

         Value  Global                             Global Defined In Module
         -----  --------------------------------   ------------------------
          F601  __Rise_Run_Y:
          F603  __Rise_Run_Len:
          F610  __Rot_VL_ab:
          F613  __Rot_VL_Diff:
          F616  __Rot_VL:
          F61F  __Rot_VL_Mode:
          F622  __Rot_VL_Pack:
          F62B  __Rot_VL_M_dft:
          F65B  __Xform_Run_a:
          F65D  __Xform_Run:
          F661  __Xform_Rise_a:
          F663  __Xform_Rise:
          F67F  __Move_Mem_a_1:
          F683  __Move_Mem_a:
          F687  __Init_Music_chk:
          F68D  __Init_Music:
          F690  __Init_Music_a:
          F692  __Init_Music_x:

ASxxxx Linker V05.50                                                                 Page 30
Hexadecimal [16-Bits]                                 Fri May  2 16:45:27 2025
[ Bank == page_f7 ]

Area                       Addr        Size        Decimal Bytes (Attributes)
--------------------       ----        ----        ------- ----- ------------
.0xf7                      F742        0068 =         104. bytes (ABS,OVR,CSEG)

         Value  Global                             Global Defined In Module
         -----  --------------------------------   ------------------------
          F742  __Stop_Sound:
          F7A9  __Select_Game:

ASxxxx Linker V05.50                                                                 Page 31
Hexadecimal [16-Bits]                                 Fri May  2 16:45:27 2025
[ Bank == page_f8 ]

Area                       Addr        Size        Decimal Bytes (Attributes)
--------------------       ----        ----        ------- ----- ------------
.0xf8                      F835        00CB =         203. bytes (ABS,OVR,CSEG)

         Value  Global                             Global Defined In Module
         -----  --------------------------------   ------------------------
          F835  __Display_Option:
          F84F  __Clear_Score:
          F85E  __Add_Score_a:
          F87C  __Add_Score_d:
          F8B7  __Strip_Zeros:
          F8C7  __Compare_Score:
          F8D8  __New_High_Score:
          F8E5  __Obj_Will_Hit_u:
          F8F3  __Obj_Will_Hit:
          F8FF  __Obj_Hit:

ASxxxx Linker V05.50                                                                 Page 32
Hexadecimal [16-Bits]                                 Fri May  2 16:45:27 2025
[ Bank == page_f9 ]

Area                       Addr        Size        Decimal Bytes (Attributes)
--------------------       ----        ----        ------- ----- ------------
.0xf9                      F92E        009D =         157. bytes (ABS,OVR,CSEG)

         Value  Global                             Global Defined In Module
         -----  --------------------------------   ------------------------
          F92E  __Explosion_Snd:
          F9CA  __Set_Amp:

ASxxxx Linker V05.50                                                                 Page 33
Hexadecimal [16-Bits]                                 Fri May  2 16:45:27 2025
[ Bank == page_ffx ]

Area                       Addr        Size        Decimal Bytes (Attributes)
--------------------       ----        ----        ------- ----- ------------
.0xffx                     FF9F        0001 =           1. bytes (ABS,OVR,CSEG)

         Value  Global                             Global Defined In Module
         -----  --------------------------------   ------------------------
          FF9F  __Draw_Grid_VL:

ASxxxx Linker V05.50                                                                 Page 34
Hexadecimal [16-Bits]                                 Fri May  2 16:45:27 2025

Files Linked                              [ module(s) ]

.\build\rel\config_memory_map.rel         [ memory_map.c ]
..\..\tools\gcc6809\vectrex\lib\system\s  [ vec_ram_0xc8_0.c ]
..\..\tools\gcc6809\vectrex\lib\system\s  [ vec_ram_0xc8_1.c ]
..\..\tools\gcc6809\vectrex\lib\system\s  [ vec_ram_0xc8_2.c ]
..\..\tools\gcc6809\vectrex\lib\system\s  [ vec_ram_0xcb_0.c ]
..\..\tools\gcc6809\vectrex\lib\system\s  [ vec_ram_0xcb_1.c ]
..\..\tools\gcc6809\vectrex\lib\system\s  [ vec_ram_0xcb_2.c ]
..\..\tools\gcc6809\vectrex\lib\system\s  [ vec_ram_0xcb_3.c ]
..\..\tools\gcc6809\vectrex\lib\system\s  [ vec_ram_0xd0_0.c ]
..\..\tools\gcc6809\vectrex\lib\system\s  [ vec_ram_0xd0_1.c ]
..\..\tools\gcc6809\vectrex\lib\system\s  [ vec_ram_dpc8_0.c ]
..\..\tools\gcc6809\vectrex\lib\system\s  [ vec_ram_dpc8_1.c ]
..\..\tools\gcc6809\vectrex\lib\system\s  [ vec_ram_dpc8_2.c ]
..\..\tools\gcc6809\vectrex\lib\system\s  [ vec_ram_dpcb_0.c ]
..\..\tools\gcc6809\vectrex\lib\system\s  [ vec_ram_dpcb_1.c ]
..\..\tools\gcc6809\vectrex\lib\system\s  [ vec_ram_dpcb_2.c ]
..\..\tools\gcc6809\vectrex\lib\system\s  [ vec_ram_dpcb_3.c ]
..\..\tools\gcc6809\vectrex\lib\system\s  [ vec_ram_dpd0_0.c ]
..\..\tools\gcc6809\vectrex\lib\system\s  [ vec_ram_dpd0_1.c ]
..\..\tools\gcc6809\vectrex\lib\system\s  [ vec_rom_0xed_0.c ]
..\..\tools\gcc6809\vectrex\lib\system\s  [ vec_rom_0xfc_0.c ]
..\..\tools\gcc6809\vectrex\lib\system\s  [ vec_rom_0xfd_0.c ]
..\..\tools\gcc6809\vectrex\lib\system\s  [ vec_rom_0xfe_0.c ]
..\..\tools\gcc6809\vectrex\lib\system\s  [ vec_rom_0xfe_1.c ]
..\..\tools\gcc6809\vectrex\lib\system\s  [ vec_rom_0xff_0.c ]
..\..\tools\gcc6809\vectrex\lib\system\s  [ vec_rom_dped_0.c ]
..\..\tools\gcc6809\vectrex\lib\system\s  [ vec_rom_dpfc_0.c ]
..\..\tools\gcc6809\vectrex\lib\system\s  [ vec_rom_dpfd_0.c ]
..\..\tools\gcc6809\vectrex\lib\system\s  [ vec_rom_dpfe_0.c ]
..\..\tools\gcc6809\vectrex\lib\system\s  [ vec_rom_dpfe_1.c ]
..\..\tools\gcc6809\vectrex\lib\system\s  [ vec_rom_dpff_0.c ]
..\..\tools\gcc6809\vectrex\lib\system\s  [ vec_rum_0xe7.c ]
..\..\tools\gcc6809\vectrex\lib\system\s  [ vec_rum_0xe9.c ]
..\..\tools\gcc6809\vectrex\lib\system\s  [ vec_rum_0xea.c ]
..\..\tools\gcc6809\vectrex\lib\system\s  [ vec_rum_0xf0.c ]
..\..\tools\gcc6809\vectrex\lib\system\s  [ vec_rum_0xf1.c ]
..\..\tools\gcc6809\vectrex\lib\system\s  [ vec_rum_0xf2.c ]
..\..\tools\gcc6809\vectrex\lib\system\s  [ vec_rum_0xf3.c ]
..\..\tools\gcc6809\vectrex\lib\system\s  [ vec_rum_0xf4.c ]
..\..\tools\gcc6809\vectrex\lib\system\s  [ vec_rum_0xf5.c ]
..\..\tools\gcc6809\vectrex\lib\system\s  [ vec_rum_0xf6.c ]
..\..\tools\gcc6809\vectrex\lib\system\s  [ vec_rum_0xf7.c ]
..\..\tools\gcc6809\vectrex\lib\system\s  [ vec_rum_0xf8.c ]
..\..\tools\gcc6809\vectrex\lib\system\s  [ vec_rum_0xf9.c ]
..\..\tools\gcc6809\vectrex\lib\system\s  [ vec_rum_0xff.c ]
.\build\rel\cartridge.rel                 [ cartridge.c ]
.\build\rel\config_boot_loader.rel        [ boot_loader.c ]
.\build\rel\config_memory_map.rel         [ memory_map.c ]
.\build\rel\graphics_misc.rel             [ misc.c ]
.\build\rel\graphics_player.rel           [ player.c ]
.\build\rel\main.rel                      [ main.c ]
.\build\rel\math_circle.rel               [ circle.c ]
.\build\rel\temp_draw.rel                 [ temp_draw.c ]
.\build\rel\utils_sprites.rel             [ sprites.c ]


Libraries Linked                          [ object file ]

.\build\lib\print.lib                     [ \print\print_unsigned_int.rel  ]
..\..\tools\gcc6809\vectrex\lib\system\r  [ ./rum/vec_rum_05_03_01_04_Draw_L ]
..\..\tools\gcc6809\vectrex\lib\system\r  [ ./rum/vec_rum_13_07_Moveto_d.rel ]
..\..\tools\gcc6809\vectrex\lib\system\r  [ ./rum/vec_rum_05_02_03_Print_Str ]


