                              1 ;;; gcc for m6809 : Mar 17 2019 13:25:32
                              2 ;;; 4.3.6 (gcc6809)
                              3 ;;; ABI version 1
                              4 ;;; -mabi=bx -mint8 -fomit-frame-pointer -O2
                              5 	.module	score.c
                              6 	.area	.bss
                              7 	.globl	_score
   0000                       8 _score:	.blkb	2
                              9 	.area	.text
                             10 	.globl	_score_init
   0000                      11 _score_init:
   0000 CC 00 00      [ 3]   12 	ldd	#0
   0003 FD`00`00      [ 6]   13 	std	_score
   0006 39            [ 5]   14 	rts
                             15 	.globl	_score_update
   0007                      16 _score_update:
   0007 7C`00`01      [ 7]   17 	inc	_score+1
   000A 26 03         [ 3]   18 	bne	__IL15
   000C 7C`00`00      [ 7]   19 	inc	_score
   000F                      20 	__IL15:
   000F 39            [ 5]   21 	rts
                             22 	.globl	_score_draw
   0010                      23 _score_draw:
   0010 34 20         [ 6]   24 	pshs	y
   0012 BD`00`00      [ 8]   25 	jsr	___Intensity_5F
   0015 BD`00`00      [ 8]   26 	jsr	___Reset0Ref
   0018 C6 7F         [ 2]   27 	ldb	#127
   001A D7`00         [ 4]   28 	stb	*_dp_VIA_t1_cnt_lo
   001C C6 6E         [ 2]   29 	ldb	#110
   001E E7 E2         [ 6]   30 	stb	,-s
   0020 CB 2E         [ 2]   31 	addb	#46
   0022 BD`00`00      [ 8]   32 	jsr	__Moveto_d
   0025 C6 09         [ 2]   33 	ldb	#9
   0027 D7`00         [ 4]   34 	stb	*_dp_VIA_t1_cnt_lo
   0029 10 BE`00`00   [ 7]   35 	ldy	_vl_digits
   002D 30 A4         [ 4]   36 	leax	,y
   002F BD`00`00      [ 8]   37 	jsr	___Draw_VLp
   0032 6F E2         [ 8]   38 	clr	,-s
   0034 C6 7F         [ 2]   39 	ldb	#127
   0036 BD`00`00      [ 8]   40 	jsr	__Moveto_d
   0039 30 A4         [ 4]   41 	leax	,y
   003B BD`00`00      [ 8]   42 	jsr	___Draw_VLp
   003E 6F E2         [ 8]   43 	clr	,-s
   0040 C6 7F         [ 2]   44 	ldb	#127
   0042 BD`00`00      [ 8]   45 	jsr	__Moveto_d
   0045 30 A4         [ 4]   46 	leax	,y
   0047 BD`00`00      [ 8]   47 	jsr	___Draw_VLp
   004A 6F E2         [ 8]   48 	clr	,-s
   004C C6 7F         [ 2]   49 	ldb	#127
   004E BD`00`00      [ 8]   50 	jsr	__Moveto_d
   0051 30 A4         [ 4]   51 	leax	,y
   0053 BD`00`00      [ 8]   52 	jsr	___Draw_VLp
   0056 6F E2         [ 8]   53 	clr	,-s
   0058 C6 7F         [ 2]   54 	ldb	#127
   005A BD`00`00      [ 8]   55 	jsr	__Moveto_d
   005D 30 A4         [ 4]   56 	leax	,y
   005F BD`00`00      [ 8]   57 	jsr	___Draw_VLp
   0062 C6 64         [ 2]   58 	ldb	#100
   0064 D7`00         [ 4]   59 	stb	*_dp_VIA_t1_cnt_lo
   0066 C6 D6         [ 2]   60 	ldb	#-42
   0068 E7 E2         [ 6]   61 	stb	,-s
   006A C6 81         [ 2]   62 	ldb	#-127
   006C BD`00`00      [ 8]   63 	jsr	__Moveto_d
   006F C6 0F         [ 2]   64 	ldb	#15
   0071 D7`00         [ 4]   65 	stb	*_dp_VIA_t1_cnt_lo
   0073 8E`00`00      [ 3]   66 	ldx	#_vl_speed_display
   0076 BD`00`00      [ 8]   67 	jsr	___Draw_VLp
   0079 C6 08         [ 2]   68 	ldb	#8
   007B D7`00         [ 4]   69 	stb	*_dp_VIA_t1_cnt_lo
   007D BE`00`04      [ 6]   70 	ldx	_vl_digits+4
   0080 BD`00`00      [ 8]   71 	jsr	___Draw_VLp
   0083 C6 8A         [ 2]   72 	ldb	#-118
   0085 E7 E2         [ 6]   73 	stb	,-s
   0087 C6 18         [ 2]   74 	ldb	#24
   0089 BD`00`00      [ 8]   75 	jsr	__Moveto_d
   008C BD`00`00      [ 8]   76 	jsr	___Dot_here
   008F C6 76         [ 2]   77 	ldb	#118
   0091 E7 E2         [ 6]   78 	stb	,-s
   0093 C6 67         [ 2]   79 	ldb	#103
   0095 BD`00`00      [ 8]   80 	jsr	__Moveto_d
   0098 32 68         [ 5]   81 	leas	8,s
   009A BE`00`0A      [ 6]   82 	ldx	_vl_digits+10
   009D 35 20         [ 6]   83 	puls	y
   009F 7E`00`00      [ 4]   84 	jmp	___Draw_VLp
ASxxxx Assembler V05.50  (Motorola 6809)                                Page 1
Hexadecimal [16-Bits]                                 Mon May  5 18:50:34 2025

Symbol Table

    .__.$$$.       =   2710 L   |     .__.ABS.       =   0000 G
    .__.CPU.       =   0000 L   |     .__.H$L.       =   0001 L
  3 __IL15             000F R   |     __Moveto_d         **** GX
    ___Dot_here        **** GX  |     ___Draw_VLp        **** GX
    ___Intensity_5     **** GX  |     ___Reset0Ref       **** GX
    _dp_VIA_t1_cnt     **** GX  |   2 _score             0000 GR
  3 _score_draw        0010 GR  |   3 _score_init        0000 GR
  3 _score_update      0007 GR  |     _vl_digits         **** GX
    _vl_speed_disp     **** GX

ASxxxx Assembler V05.50  (Motorola 6809)                                Page 2
Hexadecimal [16-Bits]                                 Mon May  5 18:50:34 2025

Area Table

[_CSEG]
   0 _CODE            size    0   flags C080
   2 .bss             size    2   flags    0
   3 .text            size   A2   flags  100
[_DSEG]
   1 _DATA            size    0   flags C0C0

