                              1 ;;; gcc for m6809 : Mar 17 2019 13:25:32
                              2 ;;; 4.3.6 (gcc6809)
                              3 ;;; ABI version 1
                              4 ;;; -mabi=bx -mint8 -fomit-frame-pointer -O2
                              5 	.module	game.c
                              6 	.area	.bss
                              7 	.globl	_the_game
   0000                       8 _the_game:	.blkb	5
                              9 	.area	.text
                             10 	.globl	_game_init
   0000                      11 _game_init:
   0000 CC 00 00      [ 3]   12 	ldd	#0
   0003 FD`00`00      [ 6]   13 	std	_the_game
   0006 7F`00`02      [ 7]   14 	clr	_the_game+2
   0009 BD`00`00      [ 8]   15 	jsr	_clock_init
   000C BD`00`00      [ 8]   16 	jsr	_map_init
   000F BD`00`00      [ 8]   17 	jsr	_player_init
   0012 BD`00`00      [ 8]   18 	jsr	_ability_init
   0015 BD`00`00      [ 8]   19 	jsr	_enemy_init
   0018 8E`00`1F      [ 3]   20 	ldx	#_start_menu
   001B BF`00`03      [ 6]   21 	stx	_the_game+3
   001E 39            [ 5]   22 	rts
                             23 	.globl	_start_menu
   001F                      24 _start_menu:
   001F 8E`00`26      [ 3]   25 	ldx	#_play_start_animation
   0022 BF`00`03      [ 6]   26 	stx	_the_game+3
   0025 39            [ 5]   27 	rts
                             28 	.globl	_play_start_animation
   0026                      29 _play_start_animation:
   0026 8E`00`2D      [ 3]   30 	ldx	#_game_run
   0029 BF`00`03      [ 6]   31 	stx	_the_game+3
   002C 39            [ 5]   32 	rts
                             33 	.globl	_game_run
   002D                      34 _game_run:
   002D 32 7F         [ 5]   35 	leas	-1,s
   002F BD`00`00      [ 8]   36 	jsr	___Wait_Recal
   0032 F6`00`02      [ 5]   37 	ldb	_the_game+2
   0035 E7 E2         [ 6]   38 	stb	,-s
   0037 C6 EC         [ 2]   39 	ldb	#-20
   0039 E7 E2         [ 6]   40 	stb	,-s
   003B C6 64         [ 2]   41 	ldb	#100
   003D BD`00`00      [ 8]   42 	jsr	_print_unsigned_int
   0040 BD`00`00      [ 8]   43 	jsr	___Read_Btns
   0043 F6`00`00      [ 5]   44 	ldb	_Vec_Buttons
   0046 E7 62         [ 5]   45 	stb	2,s
   0048 32 62         [ 5]   46 	leas	2,s
   004A C5 01         [ 2]   47 	bitb	#1
   004C 26 3D         [ 3]   48 	bne	L15
   004E C6 08         [ 2]   49 	ldb	#8
   0050 E4 E4         [ 4]   50 	andb	,s
   0052 27 03         [ 3]   51 	beq	L10
   0054 7A`00`02      [ 7]   52 	dec	_the_game+2
   0057                      53 L10:
   0057 C6 06         [ 2]   54 	ldb	#6
   0059 E4 E4         [ 4]   55 	andb	,s
   005B C1 06         [ 2]   56 	cmpb	#6	;cmpqi:
   005D 27 1E         [ 3]   57 	beq	L11
   005F C6 02         [ 2]   58 	ldb	#2
   0061 E4 E4         [ 4]   59 	andb	,s
   0063 27 2C         [ 3]   60 	beq	L12
   0065 7D`00`01      [ 7]   61 	tst	_the_player+1
   0068 26 13         [ 3]   62 	bne	L11
   006A F6`00`02      [ 5]   63 	ldb	_the_game+2
   006D 4F            [ 2]   64 	clra		;zero_extendqihi: R:b -> R:d
   006E 1F 01         [ 6]   65 	tfr	d,x
   0070 E6 89`00`00   [ 8]   66 	ldb	_PLAYER_ANIMATION_FRAME_CNT_LUT,x
   0074 F7`00`01      [ 5]   67 	stb	_the_player+1
   0077 8E`00`00      [ 3]   68 	ldx	#_player_change_left
   007A BF`00`02      [ 6]   69 	stx	_the_player+2
   007D                      70 L11:
   007D BD`00`00      [ 8]   71 	jsr	_clock_tick
   0080 AD 9F`00`01   [12]   72 	jsr	[_the_map+1]
   0084 AD 9F`00`02   [12]   73 	jsr	[_the_player+2]
   0088 32 61         [ 5]   74 	leas	1,s
   008A 39            [ 5]   75 	rts
   008B                      76 L15:
   008B 7C`00`02      [ 7]   77 	inc	_the_game+2
   008E 32 61         [ 5]   78 	leas	1,s
   0090 39            [ 5]   79 	rts
   0091                      80 L12:
   0091 C6 04         [ 2]   81 	ldb	#4
   0093 E4 E4         [ 4]   82 	andb	,s
   0095 27 E6         [ 3]   83 	beq	L11
   0097 7D`00`01      [ 7]   84 	tst	_the_player+1
   009A 26 E1         [ 3]   85 	bne	L11
   009C F6`00`02      [ 5]   86 	ldb	_the_game+2
   009F 4F            [ 2]   87 	clra		;zero_extendqihi: R:b -> R:d
   00A0 1F 01         [ 6]   88 	tfr	d,x
   00A2 E6 89`00`00   [ 8]   89 	ldb	_PLAYER_ANIMATION_FRAME_CNT_LUT,x
   00A6 F7`00`01      [ 5]   90 	stb	_the_player+1
   00A9 8E`00`00      [ 3]   91 	ldx	#_player_change_right
   00AC BF`00`02      [ 6]   92 	stx	_the_player+2
   00AF 20 CC         [ 3]   93 	bra	L11
                             94 	.globl	_pause_menu
   00B1                      95 _pause_menu:
   00B1 39            [ 5]   96 	rts
                             97 	.globl	_game_over
   00B2                      98 _game_over:
   00B2 39            [ 5]   99 	rts
ASxxxx Assembler V05.50  (Motorola 6809)                                Page 1
Hexadecimal [16-Bits]                                 Fri Jun 13 23:47:53 2025

Symbol Table

    .__.$$$.       =   2710 L   |     .__.ABS.       =   0000 G
    .__.CPU.       =   0000 L   |     .__.H$L.       =   0001 L
  3 L10                0057 R   |   3 L11                007D R
  3 L12                0091 R   |   3 L15                008B R
    _PLAYER_ANIMAT     **** GX  |     _Vec_Buttons       **** GX
    ___Read_Btns       **** GX  |     ___Wait_Recal      **** GX
    _ability_init      **** GX  |     _clock_init        **** GX
    _clock_tick        **** GX  |     _enemy_init        **** GX
  3 _game_init         0000 GR  |   3 _game_over         00B2 GR
  3 _game_run          002D GR  |     _map_init          **** GX
  3 _pause_menu        00B1 GR  |   3 _play_start_an     0026 GR
    _player_change     **** GX  |     _player_change     **** GX
    _player_init       **** GX  |     _print_unsigne     **** GX
  3 _start_menu        001F GR  |   2 _the_game          0000 GR
    _the_map           **** GX  |     _the_player        **** GX

ASxxxx Assembler V05.50  (Motorola 6809)                                Page 2
Hexadecimal [16-Bits]                                 Fri Jun 13 23:47:53 2025

Area Table

[_CSEG]
   0 _CODE            size    0   flags C080
   2 .bss             size    5   flags    0
   3 .text            size   B3   flags  100
[_DSEG]
   1 _DATA            size    0   flags C0C0

