                              1 ;;; gcc for m6809 : Mar 17 2019 13:25:32
                              2 ;;; 4.3.6 (gcc6809)
                              3 ;;; ABI version 1
                              4 ;;; -mabi=bx -mint8 -fomit-frame-pointer -O2
                              5 	.module	enemy.c
                              6 	.area	.bss
                              7 	.globl	_enemy_list
   0000                       8 _enemy_list:	.blkb	25
                              9 	.globl	_queue_ptr
   0019                      10 _queue_ptr:	.blkb	2
                             11 	.area	.text
                             12 	.globl	_enemy_init
   0000                      13 _enemy_init:
   0000 34 40         [ 6]   14 	pshs	u
   0002 8E`00`02      [ 3]   15 	ldx	#_enemy_list+2
   0005                      16 L2:
   0005 6F 84         [ 6]   17 	clr	,x
   0007 6F 1F         [ 7]   18 	clr	-1,x
   0009 6F 1E         [ 7]   19 	clr	-2,x
   000B CE`00`48      [ 3]   20 	ldu	#_idle
   000E EF 01         [ 6]   21 	stu	1,x
   0010 30 05         [ 5]   22 	leax	5,x
   0012 8C`00`1B      [ 4]   23 	cmpx	#_enemy_list+27	;cmphi:
   0015 26 EE         [ 3]   24 	bne	L2
   0017 8E`00`00      [ 3]   25 	ldx	#_enemy_list
   001A BF`00`19      [ 6]   26 	stx	_queue_ptr
   001D 35 C0         [ 7]   27 	puls	u,pc
                             28 	.globl	_enemy_try_spawn
   001F                      29 _enemy_try_spawn:
   001F 34 40         [ 6]   30 	pshs	u
   0021 34 04         [ 6]   31 	pshs	b
   0023 BE`00`19      [ 6]   32 	ldx	_queue_ptr
   0026 C6 FF         [ 2]   33 	ldb	#-1
   0028 EE 03         [ 6]   34 	ldu	3,x
   002A 11 83`00`48   [ 5]   35 	cmpu	#_idle	;cmphi:
   002E 27 04         [ 3]   36 	beq	L10
   0030 32 61         [ 5]   37 	leas	1,s
   0032 35 C0         [ 7]   38 	puls	u,pc
   0034                      39 L10:
   0034 CE`00`49      [ 3]   40 	ldu	#_tick_dummy
   0037 EF 03         [ 6]   41 	stu	3,x
   0039 6F 02         [ 7]   42 	clr	2,x
   003B C6 1E         [ 2]   43 	ldb	#30
   003D E7 01         [ 5]   44 	stb	1,x
   003F E6 E4         [ 4]   45 	ldb	,s
   0041 E7 84         [ 4]   46 	stb	,x
   0043 5F            [ 2]   47 	clrb
   0044 32 61         [ 5]   48 	leas	1,s
   0046 35 C0         [ 7]   49 	puls	u,pc
                             50 	.globl	_idle
   0048                      51 _idle:
   0048 39            [ 5]   52 	rts
                             53 	.globl	_tick_dummy
   0049                      54 _tick_dummy:
   0049 39            [ 5]   55 	rts
ASxxxx Assembler V05.50  (Motorola 6809)                                Page 1
Hexadecimal [16-Bits]                                 Fri Jun 13 21:12:40 2025

Symbol Table

    .__.$$$.       =   2710 L   |     .__.ABS.       =   0000 G
    .__.CPU.       =   0000 L   |     .__.H$L.       =   0001 L
  3 L10                0034 R   |   3 L2                 0005 R
  3 _enemy_init        0000 GR  |   2 _enemy_list        0000 GR
  3 _enemy_try_spa     001F GR  |   3 _idle              0048 GR
  2 _queue_ptr         0019 GR  |   3 _tick_dummy        0049 GR

ASxxxx Assembler V05.50  (Motorola 6809)                                Page 2
Hexadecimal [16-Bits]                                 Fri Jun 13 21:12:40 2025

Area Table

[_CSEG]
   0 _CODE            size    0   flags C080
   2 .bss             size   1B   flags    0
   3 .text            size   4A   flags  100
[_DSEG]
   1 _DATA            size    0   flags C0C0

