                              1 ;;; gcc for m6809 : Mar 17 2019 13:25:32
                              2 ;;; 4.3.6 (gcc6809)
                              3 ;;; ABI version 1
                              4 ;;; -mabi=bx -mint8 -fomit-frame-pointer -O2
                              5 	.module	current_music.c
                              6 	.globl	_current_music
                              7 	.area	.data
   0000                       8 _current_music:
   0000`00`00                 9 	.word	_music_off
ASxxxx Assembler V05.50  (Motorola 6809)                                Page 1
Hexadecimal [16-Bits]                                 Thu Jun 12 20:59:45 2025

Symbol Table

    .__.$$$.       =   2710 L   |     .__.ABS.       =   0000 G
    .__.CPU.       =   0000 L   |     .__.H$L.       =   0001 L
  2 _current_music     0000 GR  |     _music_off         **** GX

ASxxxx Assembler V05.50  (Motorola 6809)                                Page 2
Hexadecimal [16-Bits]                                 Thu Jun 12 20:59:45 2025

Area Table

[_CSEG]
   0 _CODE            size    0   flags C080
   2 .data            size    2   flags  100
[_DSEG]
   1 _DATA            size    0   flags C0C0

