                              1 ;;; gcc for m6809 : Mar 17 2019 13:25:32
                              2 ;;; 4.3.6 (gcc6809)
                              3 ;;; ABI version 1
                              4 ;;; -mabi=bx -mint8 -fomit-frame-pointer -O2
                              5 	.module	explosion_off.c
                              6 	.globl	_explosion_off
                              7 	.area	.text
   0000                       8 _explosion_off:
   0000 3F                    9 	.byte	63
   0001 00                   10 	.byte	0
   0002 01                   11 	.byte	1
   0003 80                   12 	.byte	-128
ASxxxx Assembler V05.50  (Motorola 6809)                                Page 1
Hexadecimal [16-Bits]                                 Thu Jun 12 18:40:09 2025

Symbol Table

    .__.$$$.       =   2710 L   |     .__.ABS.       =   0000 G
    .__.CPU.       =   0000 L   |     .__.H$L.       =   0001 L
  2 _explosion_off     0000 GR

ASxxxx Assembler V05.50  (Motorola 6809)                                Page 2
Hexadecimal [16-Bits]                                 Thu Jun 12 18:40:09 2025

Area Table

[_CSEG]
   0 _CODE            size    0   flags C080
   2 .text            size    4   flags  100
[_DSEG]
   1 _DATA            size    0   flags C0C0

