                              1 ;;; gcc for m6809 : Mar 17 2019 13:25:32
                              2 ;;; 4.3.6 (gcc6809)
                              3 ;;; ABI version 1
                              4 ;;; -mabi=bx -mint8 -fomit-frame-pointer -O0
                              5 	.module	music_off.c
                              6 	.globl	_music_off
                              7 	.area	.text
   0000                       8 _music_off:
   0000`00`00                 9 	.word	_Vec_ADSR_FADE4
   0002`00`00                10 	.word	_Vec_TWANG_VIBEHL
   0004 80                   11 	.byte	-128
   0005 80                   12 	.byte	-128
   0006 00                   13 	.byte	0
   0007 80                   14 	.byte	-128
ASxxxx Assembler V05.50  (Motorola 6809)                                Page 1
Hexadecimal [16-Bits]                                 Fri May  2 21:41:29 2025

Symbol Table

    .__.$$$.       =   2710 L   |     .__.ABS.       =   0000 G
    .__.CPU.       =   0000 L   |     .__.H$L.       =   0001 L
    _Vec_ADSR_FADE     **** GX  |     _Vec_TWANG_VIB     **** GX
  2 _music_off         0000 GR

ASxxxx Assembler V05.50  (Motorola 6809)                                Page 2
Hexadecimal [16-Bits]                                 Fri May  2 21:41:29 2025

Area Table

[_CSEG]
   0 _CODE            size    0   flags C080
   2 .text            size    8   flags  100
[_DSEG]
   1 _DATA            size    0   flags C0C0

