                              1 ;;; gcc for m6809 : Mar 17 2019 13:25:32
                              2 ;;; 4.3.6 (gcc6809)
                              3 ;;; ABI version 1
                              4 ;;; -mabi=bx -mint8 -fomit-frame-pointer -O2
                              5 	.module	play_music.c
                              6 	.area	.text
                              7 	.globl	_play_music
   0000                       8 _play_music:
   0000 34 20         [ 6]    9 	pshs	y
   0002 31 84         [ 4]   10 	leay	,x
   0004 BD`00`00      [ 8]   11 	jsr	_stop_explosion
   0007 10 BF`00`00   [ 7]   12 	sty	_current_music
   000B C6 01         [ 2]   13 	ldb	#1
   000D F7`00`00      [ 5]   14 	stb	_Vec_Music_Flag
   0010 35 A0         [ 7]   15 	puls	y,pc
ASxxxx Assembler V05.50  (Motorola 6809)                                Page 1
Hexadecimal [16-Bits]                                 Thu Jun 12 22:57:39 2025

Symbol Table

    .__.$$$.       =   2710 L   |     .__.ABS.       =   0000 G
    .__.CPU.       =   0000 L   |     .__.H$L.       =   0001 L
    _Vec_Music_Fla     **** GX  |     _current_music     **** GX
  2 _play_music        0000 GR  |     _stop_explosio     **** GX

ASxxxx Assembler V05.50  (Motorola 6809)                                Page 2
Hexadecimal [16-Bits]                                 Thu Jun 12 22:57:39 2025

Area Table

[_CSEG]
   0 _CODE            size    0   flags C080
   2 .text            size   12   flags  100
[_DSEG]
   1 _DATA            size    0   flags C0C0

