                              1 ;;; gcc for m6809 : Mar 17 2019 13:25:32
                              2 ;;; 4.3.6 (gcc6809)
                              3 ;;; ABI version 1
                              4 ;;; -mabi=bx -mint8 -fomit-frame-pointer -O2
                              5 	.module	sound_init.c
                              6 	.area	.text
                              7 	.globl	_sound_init
   0000                       8 _sound_init:
   0000 8E`00`00      [ 3]    9 	ldx	#_music_off
   0003 BF`00`00      [ 6]   10 	stx	_current_music
   0006 8E`00`00      [ 3]   11 	ldx	#_explosion_off
   0009 BF`00`00      [ 6]   12 	stx	_current_explosion
   000C 39            [ 5]   13 	rts
ASxxxx Assembler V05.50  (Motorola 6809)                                Page 1
Hexadecimal [16-Bits]                                 Thu Jun 12 23:11:43 2025

Symbol Table

    .__.$$$.       =   2710 L   |     .__.ABS.       =   0000 G
    .__.CPU.       =   0000 L   |     .__.H$L.       =   0001 L
    _current_explo     **** GX  |     _current_music     **** GX
    _explosion_off     **** GX  |     _music_off         **** GX
  2 _sound_init        0000 GR

ASxxxx Assembler V05.50  (Motorola 6809)                                Page 2
Hexadecimal [16-Bits]                                 Thu Jun 12 23:11:43 2025

Area Table

[_CSEG]
   0 _CODE            size    0   flags C080
   2 .text            size    D   flags  100
[_DSEG]
   1 _DATA            size    0   flags C0C0

