                              1 ;;; gcc for m6809 : Mar 17 2019 13:25:32
                              2 ;;; 4.3.6 (gcc6809)
                              3 ;;; ABI version 1
                              4 ;;; -mabi=bx -mint8 -fomit-frame-pointer -O2
                              5 	.module	print_unsigned_int.c
                              6 	.area	.text
                              7 	.globl	_print_unsigned_int
   0000                       8 _print_unsigned_int:
   0000 32 7B         [ 5]    9 	leas	-5,s
   0002 E7 E4         [ 4]   10 	stb	,s
   0004 C6 80         [ 2]   11 	ldb	#-128
   0006 E7 64         [ 5]   12 	stb	4,s
   0008 C6 30         [ 2]   13 	ldb	#48
   000A E7 62         [ 5]   14 	stb	2,s
   000C E7 61         [ 5]   15 	stb	1,s
   000E E6 68         [ 5]   16 	ldb	8,s
   0010 C1 63         [ 2]   17 	cmpb	#99	;cmpqi:
   0012 23 0E         [ 3]   18 	bls	L2
   0014                      19 L8:
   0014 6C 61         [ 7]   20 	inc	1,s
   0016 E6 61         [ 5]   21 	ldb	1,s
   0018 E6 68         [ 5]   22 	ldb	8,s
   001A CB 9C         [ 2]   23 	addb	#-100
   001C E7 68         [ 5]   24 	stb	8,s
   001E C1 63         [ 2]   25 	cmpb	#99	;cmpqi:
   0020 22 F2         [ 3]   26 	bhi	L8
   0022                      27 L2:
   0022 E6 68         [ 5]   28 	ldb	8,s
   0024 C1 09         [ 2]   29 	cmpb	#9	;cmpqi:
   0026 23 0E         [ 3]   30 	bls	L4
   0028                      31 L7:
   0028 6C 62         [ 7]   32 	inc	2,s
   002A E6 62         [ 5]   33 	ldb	2,s
   002C E6 68         [ 5]   34 	ldb	8,s
   002E CB F6         [ 2]   35 	addb	#-10
   0030 E7 68         [ 5]   36 	stb	8,s
   0032 C1 09         [ 2]   37 	cmpb	#9	;cmpqi:
   0034 22 F2         [ 3]   38 	bhi	L7
   0036                      39 L4:
   0036 E6 68         [ 5]   40 	ldb	8,s
   0038 CB 30         [ 2]   41 	addb	#48
   003A E7 63         [ 5]   42 	stb	3,s
   003C C6 CC         [ 2]   43 	ldb	#-52
   003E D7`00         [ 4]   44 	stb	*_dp_VIA_cntl
   0040 C6 7F         [ 2]   45 	ldb	#127
   0042 D7`00         [ 4]   46 	stb	*_dp_VIA_t1_cnt_lo
   0044 E6 E4         [ 4]   47 	ldb	,s
   0046 34 04         [ 6]   48 	pshs	b
   0048 30 62         [ 5]   49 	leax	2,s
   004A E6 68         [ 5]   50 	ldb	8,s
   004C BD`00`00      [ 8]   51 	jsr	__Print_Str_d
   004F 32 66         [ 5]   52 	leas	6,s
   0051 39            [ 5]   53 	rts
ASxxxx Assembler V05.50  (Motorola 6809)                                Page 1
Hexadecimal [16-Bits]                                 Thu Jun 12 18:40:09 2025

Symbol Table

    .__.$$$.       =   2710 L   |     .__.ABS.       =   0000 G
    .__.CPU.       =   0000 L   |     .__.H$L.       =   0001 L
  2 L2                 0022 R   |   2 L4                 0036 R
  2 L7                 0028 R   |   2 L8                 0014 R
    __Print_Str_d      **** GX  |     _dp_VIA_cntl       **** GX
    _dp_VIA_t1_cnt     **** GX  |   2 _print_unsigne     0000 GR

ASxxxx Assembler V05.50  (Motorola 6809)                                Page 2
Hexadecimal [16-Bits]                                 Thu Jun 12 18:40:09 2025

Area Table

[_CSEG]
   0 _CODE            size    0   flags C080
   2 .text            size   52   flags  100
[_DSEG]
   1 _DATA            size    0   flags C0C0

