                              1 ;;; gcc for m6809 : Mar 17 2019 13:25:32
                              2 ;;; 4.3.6 (gcc6809)
                              3 ;;; ABI version 1
                              4 ;;; -mabi=bx -mint8 -fomit-frame-pointer -O2
                              5 	.module	print_long_unsigned_int.c
                              6 	.area	.text
                              7 	.globl	_print_long_unsigned_int
   0000                       8 _print_long_unsigned_int:
   0000 32 79         [ 5]    9 	leas	-7,s
   0002 E7 E4         [ 4]   10 	stb	,s
   0004 C6 80         [ 2]   11 	ldb	#-128
   0006 E7 66         [ 5]   12 	stb	6,s
   0008 C6 30         [ 2]   13 	ldb	#48
   000A E7 64         [ 5]   14 	stb	4,s
   000C E7 63         [ 5]   15 	stb	3,s
   000E E7 62         [ 5]   16 	stb	2,s
   0010 E7 61         [ 5]   17 	stb	1,s
   0012 8C 27 0F      [ 4]   18 	cmpx	#9999	;cmphi:
   0015 23 1A         [ 3]   19 	bls	L19
   0017                      20 L14:
   0017 6C 61         [ 7]   21 	inc	1,s
   0019 E6 61         [ 5]   22 	ldb	1,s
   001B 30 89 D8 F0   [ 8]   23 	leax	-10000,x
   001F 8C 27 0F      [ 4]   24 	cmpx	#9999	;cmphi:
   0022 22 F3         [ 3]   25 	bhi	L14
   0024 8C 03 E7      [ 4]   26 	cmpx	#999	;cmphi:
   0027 23 19         [ 3]   27 	bls	L20
   0029                      28 L13:
   0029 6C 62         [ 7]   29 	inc	2,s
   002B E6 62         [ 5]   30 	ldb	2,s
   002D 30 89 FC 18   [ 8]   31 	leax	-1000,x
   0031                      32 L19:
   0031 8C 03 E7      [ 4]   33 	cmpx	#999	;cmphi:
   0034 22 F3         [ 3]   34 	bhi	L13
   0036 8C 00 63      [ 4]   35 	cmpx	#99	;cmphi:
   0039 23 17         [ 3]   36 	bls	L21
   003B                      37 L12:
   003B 6C 63         [ 7]   38 	inc	3,s
   003D E6 63         [ 5]   39 	ldb	3,s
   003F 30 88 9C      [ 5]   40 	leax	-100,x
   0042                      41 L20:
   0042 8C 00 63      [ 4]   42 	cmpx	#99	;cmphi:
   0045 22 F4         [ 3]   43 	bhi	L12
   0047 8C 00 09      [ 4]   44 	cmpx	#9	;cmphi:
   004A 23 0B         [ 3]   45 	bls	L23
   004C                      46 L11:
   004C 6C 64         [ 7]   47 	inc	4,s
   004E E6 64         [ 5]   48 	ldb	4,s
   0050 30 16         [ 5]   49 	leax	-10,x
   0052                      50 L21:
   0052 8C 00 09      [ 4]   51 	cmpx	#9	;cmphi:
   0055 22 F5         [ 3]   52 	bhi	L11
   0057                      53 L23:
   0057 1F 10         [ 6]   54 	tfr	x,d	;movlsbqihi: R:x -> R:b
   0059 CB 30         [ 2]   55 	addb	#48
   005B E7 65         [ 5]   56 	stb	5,s
   005D C6 CC         [ 2]   57 	ldb	#-52
   005F D7`00         [ 4]   58 	stb	*_dp_VIA_cntl
   0061 C6 7F         [ 2]   59 	ldb	#127
   0063 D7`00         [ 4]   60 	stb	*_dp_VIA_t1_cnt_lo
   0065 E6 E4         [ 4]   61 	ldb	,s
   0067 34 04         [ 6]   62 	pshs	b
   0069 30 62         [ 5]   63 	leax	2,s
   006B E6 6A         [ 5]   64 	ldb	10,s
   006D BD`00`00      [ 8]   65 	jsr	__Print_Str_d
   0070 32 68         [ 5]   66 	leas	8,s
   0072 39            [ 5]   67 	rts
ASxxxx Assembler V05.50  (Motorola 6809)                                Page 1
Hexadecimal [16-Bits]                                 Thu Jun 12 23:11:42 2025

Symbol Table

    .__.$$$.       =   2710 L   |     .__.ABS.       =   0000 G
    .__.CPU.       =   0000 L   |     .__.H$L.       =   0001 L
  2 L11                004C R   |   2 L12                003B R
  2 L13                0029 R   |   2 L14                0017 R
  2 L19                0031 R   |   2 L20                0042 R
  2 L21                0052 R   |   2 L23                0057 R
    __Print_Str_d      **** GX  |     _dp_VIA_cntl       **** GX
    _dp_VIA_t1_cnt     **** GX  |   2 _print_long_un     0000 GR

ASxxxx Assembler V05.50  (Motorola 6809)                                Page 2
Hexadecimal [16-Bits]                                 Thu Jun 12 23:11:42 2025

Area Table

[_CSEG]
   0 _CODE            size    0   flags C080
   2 .text            size   73   flags  100
[_DSEG]
   1 _DATA            size    0   flags C0C0

