                              1 ;;; gcc for m6809 : Mar 17 2019 13:25:32
                              2 ;;; 4.3.6 (gcc6809)
                              3 ;;; ABI version 1
                              4 ;;; -mabi=bx -mint8 -fomit-frame-pointer -O0
                              5 	.module	print_string.c
                              6 	.area	.text
                              7 	.globl	_print_string
   0000                       8 _print_string:
   0000 32 79         [ 5]    9 	leas	-7,s
   0002 E7 62         [ 5]   10 	stb	2,s
   0004 AF E4         [ 5]   11 	stx	,s
   0006 C6 CC         [ 2]   12 	ldb	#-52
   0008 D7`00         [ 4]   13 	stb	*_dp_VIA_cntl
   000A C6 7F         [ 2]   14 	ldb	#127
   000C D7`00         [ 4]   15 	stb	*_dp_VIA_t1_cnt_lo
   000E E6 62         [ 5]   16 	ldb	2,s
   0010 E7 66         [ 5]   17 	stb	6,s
   0012 E6 69         [ 5]   18 	ldb	9,s
   0014 E7 65         [ 5]   19 	stb	5,s
   0016 AE E4         [ 5]   20 	ldx	,s
   0018 AF 63         [ 6]   21 	stx	3,s
   001A E6 66         [ 5]   22 	ldb	6,s
   001C E7 E2         [ 6]   23 	stb	,-s
   001E AE 64         [ 6]   24 	ldx	4,s
   0020 E6 66         [ 5]   25 	ldb	6,s
   0022 BD`00`00      [ 8]   26 	jsr	__Print_Str_d
   0025 32 61         [ 5]   27 	leas	1,s
   0027 32 67         [ 5]   28 	leas	7,s
   0029 39            [ 5]   29 	rts
ASxxxx Assembler V05.50  (Motorola 6809)                                Page 1
Hexadecimal [16-Bits]                                 Mon Apr 14 13:54:33 2025

Symbol Table

    .__.$$$.       =   2710 L   |     .__.ABS.       =   0000 G
    .__.CPU.       =   0000 L   |     .__.H$L.       =   0001 L
    __Print_Str_d      **** GX  |     _dp_VIA_cntl       **** GX
    _dp_VIA_t1_cnt     **** GX  |   2 _print_string      0000 GR

ASxxxx Assembler V05.50  (Motorola 6809)                                Page 2
Hexadecimal [16-Bits]                                 Mon Apr 14 13:54:33 2025

Area Table

[_CSEG]
   0 _CODE            size    0   flags C080
   2 .text            size   2A   flags  100
[_DSEG]
   1 _DATA            size    0   flags C0C0

