                              1 ;;; gcc for m6809 : Mar 17 2019 13:25:32
                              2 ;;; 4.3.6 (gcc6809)
                              3 ;;; ABI version 1
                              4 ;;; -mabi=bx -mint8 -fomit-frame-pointer -O2
                              5 	.module	print_signed_int.c
                              6 	.area	.text
                              7 	.globl	_print_signed_int
   0000                       8 _print_signed_int:
   0000 32 7A         [ 5]    9 	leas	-6,s
   0002 E7 E4         [ 4]   10 	stb	,s
   0004 C6 80         [ 2]   11 	ldb	#-128
   0006 E7 65         [ 5]   12 	stb	5,s
   0008 C6 30         [ 2]   13 	ldb	#48
   000A E7 63         [ 5]   14 	stb	3,s
   000C 6D 69         [ 7]   15 	tst	9,s
   000E 2D 4A         [ 3]   16 	blt	L2
   0010 C6 2B         [ 2]   17 	ldb	#43
   0012 E7 61         [ 5]   18 	stb	1,s
   0014                      19 L3:
   0014 E6 69         [ 5]   20 	ldb	9,s
   0016 C1 63         [ 2]   21 	cmpb	#99	;cmpqi:
   0018 22 34         [ 3]   22 	bhi	L4
   001A C6 30         [ 2]   23 	ldb	#48
   001C E7 62         [ 5]   24 	stb	2,s
   001E                      25 L5:
   001E E6 69         [ 5]   26 	ldb	9,s
   0020 C1 09         [ 2]   27 	cmpb	#9	;cmpqi:
   0022 2F 0E         [ 3]   28 	ble	L6
   0024                      29 L9:
   0024 6C 63         [ 7]   30 	inc	3,s
   0026 E6 63         [ 5]   31 	ldb	3,s
   0028 E6 69         [ 5]   32 	ldb	9,s
   002A CB F6         [ 2]   33 	addb	#-10
   002C E7 69         [ 5]   34 	stb	9,s
   002E C1 09         [ 2]   35 	cmpb	#9	;cmpqi:
   0030 2E F2         [ 3]   36 	bgt	L9
   0032                      37 L6:
   0032 E6 69         [ 5]   38 	ldb	9,s
   0034 CB 30         [ 2]   39 	addb	#48
   0036 E7 64         [ 5]   40 	stb	4,s
   0038 C6 CC         [ 2]   41 	ldb	#-52
   003A D7`00         [ 4]   42 	stb	*_dp_VIA_cntl
   003C C6 7F         [ 2]   43 	ldb	#127
   003E D7`00         [ 4]   44 	stb	*_dp_VIA_t1_cnt_lo
   0040 E6 E4         [ 4]   45 	ldb	,s
   0042 34 04         [ 6]   46 	pshs	b
   0044 30 62         [ 5]   47 	leax	2,s
   0046 E6 69         [ 5]   48 	ldb	9,s
   0048 BD`00`00      [ 8]   49 	jsr	__Print_Str_d
   004B 32 67         [ 5]   50 	leas	7,s
   004D 39            [ 5]   51 	rts
   004E                      52 L4:
   004E C6 31         [ 2]   53 	ldb	#49
   0050 E7 62         [ 5]   54 	stb	2,s
   0052 E6 69         [ 5]   55 	ldb	9,s
   0054 CB 9C         [ 2]   56 	addb	#-100
   0056 E7 69         [ 5]   57 	stb	9,s
   0058 20 C4         [ 3]   58 	bra	L5
   005A                      59 L2:
   005A C6 2D         [ 2]   60 	ldb	#45
   005C E7 61         [ 5]   61 	stb	1,s
   005E 60 69         [ 7]   62 	neg	9,s
   0060 20 B2         [ 3]   63 	bra	L3
ASxxxx Assembler V05.50  (Motorola 6809)                                Page 1
Hexadecimal [16-Bits]                                 Thu Jun 12 20:59:44 2025

Symbol Table

    .__.$$$.       =   2710 L   |     .__.ABS.       =   0000 G
    .__.CPU.       =   0000 L   |     .__.H$L.       =   0001 L
  2 L2                 005A R   |   2 L3                 0014 R
  2 L4                 004E R   |   2 L5                 001E R
  2 L6                 0032 R   |   2 L9                 0024 R
    __Print_Str_d      **** GX  |     _dp_VIA_cntl       **** GX
    _dp_VIA_t1_cnt     **** GX  |   2 _print_signed_     0000 GR

ASxxxx Assembler V05.50  (Motorola 6809)                                Page 2
Hexadecimal [16-Bits]                                 Thu Jun 12 20:59:44 2025

Area Table

[_CSEG]
   0 _CODE            size    0   flags C080
   2 .text            size   62   flags  100
[_DSEG]
   1 _DATA            size    0   flags C0C0

