                              1 ;;; gcc for m6809 : Mar 17 2019 13:25:32
                              2 ;;; 4.3.6 (gcc6809)
                              3 ;;; ABI version 1
                              4 ;;; -mabi=bx -mint8 -fomit-frame-pointer -O0
                              5 	.module	print_long_signed_int.c
                              6 	.area	.text
                              7 	.globl	_print_long_signed_int
   0000                       8 _print_long_signed_int:
   0000 32 74         [ 5]    9 	leas	-12,s
   0002 E7 62         [ 5]   10 	stb	2,s
   0004 AF E4         [ 5]   11 	stx	,s
   0006 C6 80         [ 2]   12 	ldb	#-128
   0008 E7 69         [ 5]   13 	stb	9,s
   000A C6 30         [ 2]   14 	ldb	#48
   000C E7 67         [ 5]   15 	stb	7,s
   000E C6 30         [ 2]   16 	ldb	#48
   0010 E7 66         [ 5]   17 	stb	6,s
   0012 C6 30         [ 2]   18 	ldb	#48
   0014 E7 65         [ 5]   19 	stb	5,s
   0016 C6 30         [ 2]   20 	ldb	#48
   0018 E7 64         [ 5]   21 	stb	4,s
   001A AE E4         [ 5]   22 	ldx	,s
   001C 8C 00 00      [ 4]   23 	cmpx	#0
   001F 2D 06         [ 3]   24 	blt	L2
   0021 C6 2B         [ 2]   25 	ldb	#43
   0023 E7 63         [ 5]   26 	stb	3,s
   0025 20 1A         [ 3]   27 	bra	L4
   0027                      28 L2:
   0027 C6 2D         [ 2]   29 	ldb	#45
   0029 E7 63         [ 5]   30 	stb	3,s
   002B EC E4         [ 5]   31 	ldd	,s
   002D 40            [ 2]   32 	nega
   002E 50            [ 2]   33 	negb
   002F 82 00         [ 2]   34 	sbca	#0
   0031 ED E4         [ 5]   35 	std	,s
   0033 20 0C         [ 3]   36 	bra	L4
   0035                      37 L5:
   0035 E6 64         [ 5]   38 	ldb	4,s
   0037 5C            [ 2]   39 	incb
   0038 E7 64         [ 5]   40 	stb	4,s
   003A EC E4         [ 5]   41 	ldd	,s
   003C C3 D8 F0      [ 4]   42 	addd	#-10000; addhi3,3
   003F ED E4         [ 5]   43 	std	,s
   0041                      44 L4:
   0041 AE E4         [ 5]   45 	ldx	,s
   0043 8C 27 0F      [ 4]   46 	cmpx	#9999	;cmphi:
   0046 22 ED         [ 3]   47 	bhi	L5
   0048 20 0C         [ 3]   48 	bra	L6
   004A                      49 L7:
   004A E6 65         [ 5]   50 	ldb	5,s
   004C 5C            [ 2]   51 	incb
   004D E7 65         [ 5]   52 	stb	5,s
   004F EC E4         [ 5]   53 	ldd	,s
   0051 C3 FC 18      [ 4]   54 	addd	#-1000; addhi3,3
   0054 ED E4         [ 5]   55 	std	,s
   0056                      56 L6:
   0056 AE E4         [ 5]   57 	ldx	,s
   0058 8C 03 E7      [ 4]   58 	cmpx	#999	;cmphi:
   005B 2E ED         [ 3]   59 	bgt	L7
   005D 20 0C         [ 3]   60 	bra	L8
   005F                      61 L9:
   005F E6 66         [ 5]   62 	ldb	6,s
   0061 5C            [ 2]   63 	incb
   0062 E7 66         [ 5]   64 	stb	6,s
   0064 EC E4         [ 5]   65 	ldd	,s
   0066 C3 FF 9C      [ 4]   66 	addd	#-100; addhi3,3
   0069 ED E4         [ 5]   67 	std	,s
   006B                      68 L8:
   006B AE E4         [ 5]   69 	ldx	,s
   006D 8C 00 63      [ 4]   70 	cmpx	#99	;cmphi:
   0070 2E ED         [ 3]   71 	bgt	L9
   0072 20 0C         [ 3]   72 	bra	L10
   0074                      73 L11:
   0074 E6 67         [ 5]   74 	ldb	7,s
   0076 5C            [ 2]   75 	incb
   0077 E7 67         [ 5]   76 	stb	7,s
   0079 EC E4         [ 5]   77 	ldd	,s
   007B C3 FF F6      [ 4]   78 	addd	#-10; addhi3,3
   007E ED E4         [ 5]   79 	std	,s
   0080                      80 L10:
   0080 AE E4         [ 5]   81 	ldx	,s
   0082 8C 00 09      [ 4]   82 	cmpx	#9	;cmphi:
   0085 2E ED         [ 3]   83 	bgt	L11
   0087 AE E4         [ 5]   84 	ldx	,s
   0089 1F 10         [ 6]   85 	tfr	x,d	;movlsbqihi: R:x -> R:b
   008B CB 30         [ 2]   86 	addb	#48
   008D E7 68         [ 5]   87 	stb	8,s
   008F C6 CC         [ 2]   88 	ldb	#-52
   0091 D7`00         [ 4]   89 	stb	*_dp_VIA_cntl
   0093 C6 7F         [ 2]   90 	ldb	#127
   0095 D7`00         [ 4]   91 	stb	*_dp_VIA_t1_cnt_lo
   0097 E6 62         [ 5]   92 	ldb	2,s
   0099 E7 6B         [ 5]   93 	stb	11,s
   009B E6 6E         [ 5]   94 	ldb	14,s
   009D E7 6A         [ 5]   95 	stb	10,s
   009F 30 63         [ 5]   96 	leax	3,s
   00A1 E6 6B         [ 5]   97 	ldb	11,s
   00A3 E7 E2         [ 6]   98 	stb	,-s
   00A5 E6 6B         [ 5]   99 	ldb	11,s
   00A7 BD`00`00      [ 8]  100 	jsr	__Print_Str_d
   00AA 32 61         [ 5]  101 	leas	1,s
   00AC 32 6C         [ 5]  102 	leas	12,s
   00AE 39            [ 5]  103 	rts
ASxxxx Assembler V05.50  (Motorola 6809)                                Page 1
Hexadecimal [16-Bits]                                 Sat Apr 26 23:41:18 2025

Symbol Table

    .__.$$$.       =   2710 L   |     .__.ABS.       =   0000 G
    .__.CPU.       =   0000 L   |     .__.H$L.       =   0001 L
  2 L10                0080 R   |   2 L11                0074 R
  2 L2                 0027 R   |   2 L4                 0041 R
  2 L5                 0035 R   |   2 L6                 0056 R
  2 L7                 004A R   |   2 L8                 006B R
  2 L9                 005F R   |     __Print_Str_d      **** GX
    _dp_VIA_cntl       **** GX  |     _dp_VIA_t1_cnt     **** GX
  2 _print_long_si     0000 GR

ASxxxx Assembler V05.50  (Motorola 6809)                                Page 2
Hexadecimal [16-Bits]                                 Sat Apr 26 23:41:18 2025

Area Table

[_CSEG]
   0 _CODE            size    0   flags C080
   2 .text            size   AF   flags  100
[_DSEG]
   1 _DATA            size    0   flags C0C0

