                              1 ;;; gcc for m6809 : Mar 17 2019 13:25:32
                              2 ;;; 4.3.6 (gcc6809)
                              3 ;;; ABI version 1
                              4 ;;; -mabi=bx -mint8 -fomit-frame-pointer -O0
                              5 	.module	print_hex.c
                              6 	.area	.text
                              7 	.globl	_print_hex
   0000                       8 _print_hex:
   0000 32 7A         [ 5]    9 	leas	-6,s
   0002 E7 E4         [ 4]   10 	stb	,s
   0004 C6 80         [ 2]   11 	ldb	#-128
   0006 E7 63         [ 5]   12 	stb	3,s
   0008 E6 69         [ 5]   13 	ldb	9,s
   000A C4 0F         [ 2]   14 	andb	#15
   000C CB 30         [ 2]   15 	addb	#48
   000E E7 62         [ 5]   16 	stb	2,s
   0010 E6 62         [ 5]   17 	ldb	2,s
   0012 C1 39         [ 2]   18 	cmpb	#57	;cmpqi:
   0014 23 06         [ 3]   19 	bls	L2
   0016 E6 62         [ 5]   20 	ldb	2,s
   0018 CB 07         [ 2]   21 	addb	#7
   001A E7 62         [ 5]   22 	stb	2,s
   001C                      23 L2:
   001C 64 69         [ 7]   24 	lsr	9,s
   001E 64 69         [ 7]   25 	lsr	9,s
   0020 64 69         [ 7]   26 	lsr	9,s
   0022 64 69         [ 7]   27 	lsr	9,s
   0024 E6 69         [ 5]   28 	ldb	9,s
   0026 CB 30         [ 2]   29 	addb	#48
   0028 E7 61         [ 5]   30 	stb	1,s
   002A E6 61         [ 5]   31 	ldb	1,s
   002C C1 39         [ 2]   32 	cmpb	#57	;cmpqi:
   002E 23 06         [ 3]   33 	bls	L3
   0030 E6 61         [ 5]   34 	ldb	1,s
   0032 CB 07         [ 2]   35 	addb	#7
   0034 E7 61         [ 5]   36 	stb	1,s
   0036                      37 L3:
   0036 C6 CC         [ 2]   38 	ldb	#-52
   0038 D7`00         [ 4]   39 	stb	*_dp_VIA_cntl
   003A C6 7F         [ 2]   40 	ldb	#127
   003C D7`00         [ 4]   41 	stb	*_dp_VIA_t1_cnt_lo
   003E E6 E4         [ 4]   42 	ldb	,s
   0040 E7 65         [ 5]   43 	stb	5,s
   0042 E6 68         [ 5]   44 	ldb	8,s
   0044 E7 64         [ 5]   45 	stb	4,s
   0046 30 61         [ 5]   46 	leax	1,s
   0048 E6 65         [ 5]   47 	ldb	5,s
   004A E7 E2         [ 6]   48 	stb	,-s
   004C E6 65         [ 5]   49 	ldb	5,s
   004E BD`00`00      [ 8]   50 	jsr	__Print_Str_d
   0051 32 61         [ 5]   51 	leas	1,s
   0053 32 66         [ 5]   52 	leas	6,s
   0055 39            [ 5]   53 	rts
ASxxxx Assembler V05.50  (Motorola 6809)                                Page 1
Hexadecimal [16-Bits]                                 Mon Apr 14 13:54:33 2025

Symbol Table

    .__.$$$.       =   2710 L   |     .__.ABS.       =   0000 G
    .__.CPU.       =   0000 L   |     .__.H$L.       =   0001 L
  2 L2                 001C R   |   2 L3                 0036 R
    __Print_Str_d      **** GX  |     _dp_VIA_cntl       **** GX
    _dp_VIA_t1_cnt     **** GX  |   2 _print_hex         0000 GR

ASxxxx Assembler V05.50  (Motorola 6809)                                Page 2
Hexadecimal [16-Bits]                                 Mon Apr 14 13:54:33 2025

Area Table

[_CSEG]
   0 _CODE            size    0   flags C080
   2 .text            size   56   flags  100
[_DSEG]
   1 _DATA            size    0   flags C0C0

