                              1 ;;; gcc for m6809 : Mar 17 2019 13:25:32
                              2 ;;; 4.3.6 (gcc6809)
                              3 ;;; ABI version 1
                              4 ;;; -mabi=bx -mint8 -fomit-frame-pointer -O2
                              5 	.module	print_long_hex.c
                              6 	.area	.text
                              7 	.globl	_print_long_hex
   0000                       8 _print_long_hex:
   0000 32 71         [ 5]    9 	leas	-15,s
   0002 E7 66         [ 5]   10 	stb	6,s
   0004 AF E4         [ 5]   11 	stx	,s
   0006 C6 80         [ 2]   12 	ldb	#-128
   0008 E7 6E         [ 5]   13 	stb	14,s
   000A 1F 10         [ 6]   14 	tfr	x,d
   000C E7 67         [ 5]   15 	stb	7,s	;movlsbqihi: R:d -> 7,s
   000E 1F 89         [ 6]   16 	tfr	a,b
   0010 4F            [ 2]   17 	clra		;zero_extendqihi: R:b -> R:d
   0011 E7 69         [ 5]   18 	stb	9,s
   0013 C6 0F         [ 2]   19 	ldb	#15
   0015 E4 67         [ 5]   20 	andb	7,s
   0017 E7 65         [ 5]   21 	stb	5,s
   0019 CB 30         [ 2]   22 	addb	#48
   001B E7 6D         [ 5]   23 	stb	13,s
   001D C1 39         [ 2]   24 	cmpb	#57	;cmpqi:
   001F 23 06         [ 3]   25 	bls	L2
   0021 E6 65         [ 5]   26 	ldb	5,s
   0023 CB 37         [ 2]   27 	addb	#55
   0025 E7 6D         [ 5]   28 	stb	13,s
   0027                      29 L2:
   0027 E6 67         [ 5]   30 	ldb	7,s
   0029 54            [ 2]   31 	lsrb
   002A 54            [ 2]   32 	lsrb
   002B 54            [ 2]   33 	lsrb
   002C 54            [ 2]   34 	lsrb
   002D E7 64         [ 5]   35 	stb	4,s
   002F CB 30         [ 2]   36 	addb	#48
   0031 E7 6C         [ 5]   37 	stb	12,s
   0033 C1 39         [ 2]   38 	cmpb	#57	;cmpqi:
   0035 23 06         [ 3]   39 	bls	L3
   0037 E6 64         [ 5]   40 	ldb	4,s
   0039 CB 37         [ 2]   41 	addb	#55
   003B E7 6C         [ 5]   42 	stb	12,s
   003D                      43 L3:
   003D C6 0F         [ 2]   44 	ldb	#15
   003F E4 69         [ 5]   45 	andb	9,s
   0041 E7 63         [ 5]   46 	stb	3,s
   0043 CB 30         [ 2]   47 	addb	#48
   0045 E7 6B         [ 5]   48 	stb	11,s
   0047 C1 39         [ 2]   49 	cmpb	#57	;cmpqi:
   0049 23 06         [ 3]   50 	bls	L4
   004B E6 63         [ 5]   51 	ldb	3,s
   004D CB 37         [ 2]   52 	addb	#55
   004F E7 6B         [ 5]   53 	stb	11,s
   0051                      54 L4:
   0051 E6 69         [ 5]   55 	ldb	9,s
   0053 54            [ 2]   56 	lsrb
   0054 54            [ 2]   57 	lsrb
   0055 54            [ 2]   58 	lsrb
   0056 54            [ 2]   59 	lsrb
   0057 E7 62         [ 5]   60 	stb	2,s
   0059 CB 30         [ 2]   61 	addb	#48
   005B E7 6A         [ 5]   62 	stb	10,s
   005D C1 39         [ 2]   63 	cmpb	#57	;cmpqi:
   005F 23 06         [ 3]   64 	bls	L5
   0061 E6 62         [ 5]   65 	ldb	2,s
   0063 CB 37         [ 2]   66 	addb	#55
   0065 E7 6A         [ 5]   67 	stb	10,s
   0067                      68 L5:
   0067 C6 CC         [ 2]   69 	ldb	#-52
   0069 D7`00         [ 4]   70 	stb	*_dp_VIA_cntl
   006B C6 7F         [ 2]   71 	ldb	#127
   006D D7`00         [ 4]   72 	stb	*_dp_VIA_t1_cnt_lo
   006F E6 66         [ 5]   73 	ldb	6,s
   0071 34 04         [ 6]   74 	pshs	b
   0073 30 6B         [ 5]   75 	leax	11,s
   0075 E6 E8 12      [ 5]   76 	ldb	18,s
   0078 BD`00`00      [ 8]   77 	jsr	__Print_Str_d
   007B 32 E8 10      [ 5]   78 	leas	16,s
   007E 39            [ 5]   79 	rts
ASxxxx Assembler V05.50  (Motorola 6809)                                Page 1
Hexadecimal [16-Bits]                                 Fri Jun 13 23:47:52 2025

Symbol Table

    .__.$$$.       =   2710 L   |     .__.ABS.       =   0000 G
    .__.CPU.       =   0000 L   |     .__.H$L.       =   0001 L
  2 L2                 0027 R   |   2 L3                 003D R
  2 L4                 0051 R   |   2 L5                 0067 R
    __Print_Str_d      **** GX  |     _dp_VIA_cntl       **** GX
    _dp_VIA_t1_cnt     **** GX  |   2 _print_long_he     0000 GR

ASxxxx Assembler V05.50  (Motorola 6809)                                Page 2
Hexadecimal [16-Bits]                                 Fri Jun 13 23:47:52 2025

Area Table

[_CSEG]
   0 _CODE            size    0   flags C080
   2 .text            size   7F   flags  100
[_DSEG]
   1 _DATA            size    0   flags C0C0

